0 info it worked if it ends with ok
1 verbose cli [ '/usr/bin/nodejs', '/usr/bin/npm', 'run', 'test' ]
2 info using npm@3.8.6
3 info using node@v5.12.0
4 verbose run-script [ 'pretest', 'test', 'posttest' ]
5 info lifecycle es6-example@1.0.0~pretest: es6-example@1.0.0
6 silly lifecycle es6-example@1.0.0~pretest: no script for pretest, continuing
7 info lifecycle es6-example@1.0.0~test: es6-example@1.0.0
8 verbose lifecycle es6-example@1.0.0~test: unsafe-perm in lifecycle true
9 verbose lifecycle es6-example@1.0.0~test: PATH: /usr/lib/node_modules/npm/bin/node-gyp-bin:/home/upsmart/GIT/gitHub/es6-example/node_modules/.bin:/usr/bin:/home/upsmart/bin:/usr/local/bin:/usr/jdk/jdk1.7.0_79/bin:/usr/jdk/jdk1.7.0_79/jre/bin:/usr/jdk/jdk1.7.0_79:/usr/local/sbin:/usr/local/bin:/usr/sbin:/usr/bin:/sbin:/bin:/usr/games:/usr/local/games
10 verbose lifecycle es6-example@1.0.0~test: CWD: /home/upsmart/GIT/gitHub/es6-example
11 silly lifecycle es6-example@1.0.0~test: Args: [ '-c', 'babel-node script.js' ]
12 silly lifecycle es6-example@1.0.0~test: Returned: code: 1  signal: null
13 info lifecycle es6-example@1.0.0~test: Failed to exec test script
14 verbose stack Error: es6-example@1.0.0 test: `babel-node script.js`
14 verbose stack Exit status 1
14 verbose stack     at EventEmitter.<anonymous> (/usr/lib/node_modules/npm/lib/utils/lifecycle.js:239:16)
14 verbose stack     at emitTwo (events.js:100:13)
14 verbose stack     at EventEmitter.emit (events.js:185:7)
14 verbose stack     at ChildProcess.<anonymous> (/usr/lib/node_modules/npm/lib/utils/spawn.js:24:14)
14 verbose stack     at emitTwo (events.js:100:13)
14 verbose stack     at ChildProcess.emit (events.js:185:7)
14 verbose stack     at maybeClose (internal/child_process.js:850:16)
14 verbose stack     at Process.ChildProcess._handle.onexit (internal/child_process.js:215:5)
15 verbose pkgid es6-example@1.0.0
16 verbose cwd /home/upsmart/GIT/gitHub/es6-example
17 error Linux 3.19.0-59-generic
18 error argv "/usr/bin/nodejs" "/usr/bin/npm" "run" "test"
19 error node v5.12.0
20 error npm  v3.8.6
21 error code ELIFECYCLE
22 error es6-example@1.0.0 test: `babel-node script.js`
22 error Exit status 1
23 error Failed at the es6-example@1.0.0 test script 'babel-node script.js'.
23 error Make sure you have the latest version of node.js and npm installed.
23 error If you do, this is most likely a problem with the es6-example package,
23 error not with npm itself.
23 error Tell the author that this fails on your system:
23 error     babel-node script.js
23 error You can get information on how to open an issue for this project with:
23 error     npm bugs es6-example
23 error Or if that isn't available, you can get their info via:
23 error     npm owner ls es6-example
23 error There is likely additional logging output above.
24 verbose exit [ 1, true ]
